<?xml version="1.0" encoding="UTF-8"?>
<Site BuildName="(empty)"
	BuildStamp="20230110-1459-Experimental"
	Name="marco-Nitro-AN515-57"
	Generator="ctest-3.16.3"
	CompilerName="/usr/bin/g++"
	CompilerVersion="9.4.0"
	OSName="Linux"
	Hostname="marco-Nitro-AN515-57"
	OSRelease="5.15.0-53-generic"
	OSVersion="#59~20.04.1-Ubuntu SMP Thu Oct 20 15:10:22 UTC 2022"
	OSPlatform="x86_64"
	Is64Bits="1"
	VendorString="GenuineIntel"
	VendorID="Intel Corporation"
	FamilyID="6"
	ModelID="141"
	ProcessorCacheSize="12288"
	NumberOfLogicalCPU="12"
	NumberOfPhysicalCPU="6"
	TotalVirtualMemory="2047"
	TotalPhysicalMemory="15778"
	LogicalProcessorsPerPhysical="2"
	ProcessorClockFrequency="2700"
	>
	<Testing>
		<StartDateTime>Jan 10 15:59 CET</StartDateTime>
		<StartTestTime>1673362745</StartTestTime>
		<TestList/>
		<EndDateTime>Jan 10 15:59 CET</EndDateTime>
		<EndTestTime>1673362745</EndTestTime>
		<ElapsedMinutes>0</ElapsedMinutes>
	</Testing>
</Site>
